#-----------------------------------------------------------
# Vivado v2024.2 (64-bit)
# SW Build 5239630 on Fri Nov 08 22:35:27 MST 2024
# IP Build 5239520 on Sun Nov 10 16:12:51 MST 2024
# SharedData Build 5239561 on Fri Nov 08 14:39:27 MST 2024
# Start of session at: Sat Apr 26 16:36:45 2025
# Process ID         : 23264
# Current directory  : D:/vivado/test_env1
# Command line       : vivado.exe -gui_launcher_event rodinguilauncherevent24412 D:\vivado\test_env1\test_env1.xpr
# Log file           : D:/vivado/test_env1/vivado.log
# Journal file       : D:/vivado/test_env1\vivado.jou
# Running On         : DESKTOP-ATE7HHU
# Platform           : Windows Server 2016 or Windows 10
# Operating System   : 26100
# Processor Detail   : AMD Ryzen 5 PRO 7540U w/ Radeon 740M Graphics  
# CPU Frequency      : 3194 MHz
# CPU Physical cores : 6
# CPU Logical cores  : 12
# Host memory        : 16338 MB
# Swap memory        : 5905 MB
# Total Virtual      : 22244 MB
# Available Virtual  : 6513 MB
#-----------------------------------------------------------
start_guioopen_project D:/vivado/test_env1/test_env1.xpr
INFO: [filemgmt 56-3] Default IP Output Path : Could not find the directory 'D:/vivado/test_env1/test_env1.gen/sources_1'.
Scanning sources...
Finished scanning sources
INFO: [IP_Flow 19-234] Refreshing IP repositories
INFO: [IP_Flow 19-1704] No user IP repositories specified
INFO: [IP_Flow 19-2313] Loaded Vivado IP repository 'C:/Xilinx/Vivado/2024.2/data/ip'.
open_project: Time (s): cpu = 00:00:13 ; elapsed = 00:00:05 . Memory (MB): peak = 1187.555 ; gain = 65.352
update_compile_order -fileset sources_1
exit
INFO: [Common 17-206] Exiting Vivado at Mon Apr 28 15:26:33 2025...
